Initialized distributed training with 4 GPUs
MLFF-Guided Diffusion Evaluation
========================================
Model path: outputs/exp_cond_alpha
Device: cuda:0
Dataset: qm9_second_half
Distributed: 4 GPUs (rank 0)
Atom decoder: ['H', 'C', 'N', 'O', 'F']
Include charges: False
Context node nf: 1
Expected input features: 5

Loading diffusion model...
Entropy of n_nodes: H[N] Entropy of n_nodes: H[N]Entropy of n_nodes: H[N]Entropy of n_nodes: H[N]-2.4754221439361572
   -2.4754221439361572-2.4754221439361572

-2.4754221439361572
alphas2 [9.99990000e-01 9.99988000e-01 9.99982000e-01 ... 2.59676966e-05
 1.39959211e-05 1.00039959e-05]
gamma [-11.51291546 -11.33059532 -10.92513058 ...  10.55863126  11.17673063
  11.51251595]
alphas2 [9.99990000e-01 9.99988000e-01 9.99982000e-01 ... 2.59676966e-05
 1.39959211e-05 1.00039959e-05]
gamma [-11.51291546 -11.33059532 -10.92513058 ...  10.55863126  11.17673063
  11.51251595]
alphas2 [9.99990000e-01 9.99988000e-01 9.99982000e-01 ... 2.59676966e-05
 1.39959211e-05 1.00039959e-05]
gamma [-11.51291546 -11.33059532 -10.92513058 ...  10.55863126  11.17673063
  11.51251595]
alphas2 [9.99990000e-01 9.99988000e-01 9.99982000e-01 ... 2.59676966e-05
 1.39959211e-05 1.00039959e-05]
gamma [-11.51291546 -11.33059532 -10.92513058 ...  10.55863126  11.17673063
  11.51251595]
Warning: Model expects conditioning but no normalizer available.
Setting prop_dist to None but keeping context_node_nf to match model architecture.
✓ Diffusion model loaded successfully (no DDP for evaluation)
Loading MLFF predictor: uma-s-1p1
✓ Successfully loaded MLFF predictor: uma-s-1p1

==================================================
COMPARISON SAMPLING
==================================================
Rank 3: Processing 250 samplesRank 1: Processing 250 samplesRank 0: Processing 250 samples



Sampling 1000 molecules for comparison across 4 GPUs...
Rank 2: Processing 250 samples1. Sampling baseline molecules (without MLFF guidance)...

   ✓ Rank 0: Generated 250 baseline molecules
2. Sampling with MLFF guidance...
   Sampling with guidance scale 0.0005...
alphas2 [9.99900000e-01 9.99898000e-01 9.99892002e-01 ... 1.15964822e-04
 1.03995202e-04 1.00003995e-04]
gamma [-9.21024037 -9.19043967 -9.13328629 ...  9.0621077   9.1710618
  9.21020041]
   ✓ Rank 2: Generated 250 baseline molecules
alphas2 [9.99900000e-01 9.99898000e-01 9.99892002e-01 ... 1.15964822e-04
 1.03995202e-04 1.00003995e-04]
gamma [-9.21024037 -9.19043967 -9.13328629 ...  9.0621077   9.1710618
  9.21020041]
   ✓ Rank 3: Generated 250 baseline molecules
alphas2 [9.99900000e-01 9.99898000e-01 9.99892002e-01 ... 1.15964822e-04
 1.03995202e-04 1.00003995e-04]
gamma [-9.21024037 -9.19043967 -9.13328629 ...  9.0621077   9.1710618
  9.21020041]
   ✓ Rank 1: Generated 250 baseline molecules
alphas2 [9.99900000e-01 9.99898000e-01 9.99892002e-01 ... 1.15964822e-04
 1.03995202e-04 1.00003995e-04]
gamma [-9.21024037 -9.19043967 -9.13328629 ...  9.0621077   9.1710618
  9.21020041]
alphas2 [9.99900000e-01 9.99898000e-01 9.99892002e-01 ... 1.15964822e-04
 1.03995202e-04 1.00003995e-04]
gamma [-9.21024037 -9.19043967 -9.13328629 ...  9.0621077   9.1710618
  9.21020041]
alphas2 [9.99900000e-01 9.99898000e-01 9.99892002e-01 ... 1.15964822e-04
 1.03995202e-04 1.00003995e-04]
gamma [-9.21024037 -9.19043967 -9.13328629 ...  9.0621077   9.1710618
  9.21020041]
alphas2 [9.99900000e-01 9.99898000e-01 9.99892002e-01 ... 1.15964822e-04
 1.03995202e-04 1.00003995e-04]
gamma [-9.21024037 -9.19043967 -9.13328629 ...  9.0621077   9.1710618
  9.21020041]
alphas2 [9.99900000e-01 9.99898000e-01 9.99892002e-01 ... 1.15964822e-04
 1.03995202e-04 1.00003995e-04]
gamma [-9.21024037 -9.19043967 -9.13328629 ...  9.0621077   9.1710618
  9.21020041]
alphas2 [9.99900000e-01 9.99898000e-01 9.99892002e-01 ... 1.15964822e-04
 1.03995202e-04 1.00003995e-04]
gamma [-9.21024037 -9.19043967 -9.13328629 ...  9.0621077   9.1710618
  9.21020041]
alphas2 [9.99900000e-01 9.99898000e-01 9.99892002e-01 ... 1.15964822e-04
 1.03995202e-04 1.00003995e-04]
gamma [-9.21024037 -9.19043967 -9.13328629 ...  9.0621077   9.1710618
  9.21020041]
alphas2 [9.99900000e-01 9.99898000e-01 9.99892002e-01 ... 1.15964822e-04
 1.03995202e-04 1.00003995e-04]
gamma [-9.21024037 -9.19043967 -9.13328629 ...  9.0621077   9.1710618
  9.21020041]
alphas2 [9.99900000e-01 9.99898000e-01 9.99892002e-01 ... 1.15964822e-04
 1.03995202e-04 1.00003995e-04]
gamma [-9.21024037 -9.19043967 -9.13328629 ...  9.0621077   9.1710618
  9.21020041]
alphas2 [9.99900000e-01 9.99898000e-01 9.99892002e-01 ... 1.15964822e-04
 1.03995202e-04 1.00003995e-04]
gamma [-9.21024037 -9.19043967 -9.13328629 ...  9.0621077   9.1710618
  9.21020041]
alphas2 [9.99900000e-01 9.99898000e-01 9.99892002e-01 ... 1.15964822e-04
 1.03995202e-04 1.00003995e-04]
gamma [-9.21024037 -9.19043967 -9.13328629 ...  9.0621077   9.1710618
  9.21020041]
alphas2 [9.99900000e-01 9.99898000e-01 9.99892002e-01 ... 1.15964822e-04
 1.03995202e-04 1.00003995e-04]
gamma [-9.21024037 -9.19043967 -9.13328629 ...  9.0621077   9.1710618
  9.21020041]
alphas2 [9.99900000e-01 9.99898000e-01 9.99892002e-01 ... 1.15964822e-04
 1.03995202e-04 1.00003995e-04]
gamma [-9.21024037 -9.19043967 -9.13328629 ...  9.0621077   9.1710618
  9.21020041]
